<?xml version="1.0" encoding="UTF-8"?>
<testsuite name="OperatorTest" tests="2" skipped="0" failures="0" errors="0" timestamp="2021-01-05T10:45:31" hostname="DESKTOP-4KCS54I" time="0.035">
  <properties/>
  <testcase name="operatorShouldReturnedSub()" classname="OperatorTest" time="0.03"/>
  <testcase name="operatorShouldReturnedMultiply()" classname="OperatorTest" time="0.004"/>
  <system-out><![CDATA[]]></system-out>
  <system-err><![CDATA[]]></system-err>
</testsuite>
